c:\users\andre\desktop\mvs tests\kursovoy3\kursovoy3\debug\kursovoy3.pch
c:\users\andre\desktop\mvs tests\kursovoy3\kursovoy3\debug\vc142.pdb
c:\users\andre\desktop\mvs tests\kursovoy3\kursovoy3\debug\pch.obj
c:\users\andre\desktop\mvs tests\kursovoy3\kursovoy3\debug\kursovoy3.obj
c:\users\andre\desktop\mvs tests\kursovoy3\kursovoy3\debug\assemblyinfo.obj
c:\users\andre\desktop\mvs tests\kursovoy3\kursovoy3\debug\.netframework,version=v4.6.1.assemblyattributes.obj
c:\users\andre\desktop\mvs tests\kursovoy3\kursovoy3\debug\.netframework,version=v4.6.1.assemblyattributes.asm
c:\users\andre\desktop\mvs tests\kursovoy3\debug\kursovoy3.exe
c:\users\andre\desktop\mvs tests\kursovoy3\debug\kursovoy3.pdb
c:\users\andre\desktop\mvs tests\kursovoy3\kursovoy3\debug\app.res
c:\users\andre\desktop\mvs tests\kursovoy3\kursovoy3\debug\kursovoy3.vcxprojassemblyreference.cache
c:\users\andre\desktop\mvs tests\kursovoy3\kursovoy3\debug\kursovoy3.tlog\cl.command.1.tlog
c:\users\andre\desktop\mvs tests\kursovoy3\kursovoy3\debug\kursovoy3.tlog\cl.read.1.tlog
c:\users\andre\desktop\mvs tests\kursovoy3\kursovoy3\debug\kursovoy3.tlog\cl.write.1.tlog
c:\users\andre\desktop\mvs tests\kursovoy3\kursovoy3\debug\kursovoy3.tlog\link.command.1.tlog
c:\users\andre\desktop\mvs tests\kursovoy3\kursovoy3\debug\kursovoy3.tlog\link.read.1.tlog
c:\users\andre\desktop\mvs tests\kursovoy3\kursovoy3\debug\kursovoy3.tlog\link.write.1.tlog
c:\users\andre\desktop\mvs tests\kursovoy3\kursovoy3\debug\kursovoy3.tlog\metagen.read.1.tlog
c:\users\andre\desktop\mvs tests\kursovoy3\kursovoy3\debug\kursovoy3.tlog\metagen.write.1.tlog
c:\users\andre\desktop\mvs tests\kursovoy3\kursovoy3\debug\kursovoy3.tlog\rc.command.1.tlog
c:\users\andre\desktop\mvs tests\kursovoy3\kursovoy3\debug\kursovoy3.tlog\rc.read.1.tlog
c:\users\andre\desktop\mvs tests\kursovoy3\kursovoy3\debug\kursovoy3.tlog\rc.write.1.tlog
